C51 COMPILER V9.54   MAIN                                                                  02/14/2018 01:07:20 PAGE 1   


C51 COMPILER V9.54, COMPILATION OF MODULE MAIN
OBJECT MODULE PLACED IN .\Objects\main.obj
COMPILER INVOKED BY: C:\Keil_v5\C51\BIN\C51.EXE Source\main.c OPTIMIZE(8,SPEED) BROWSE DEBUG OBJECTEXTEND PRINT(.\Listin
                    -gs\main.lst) TABS(2) OBJECT(.\Objects\main.obj)

line level    source

   1          #include <ADUC841.H>
   2          
   3          // define some useful variable types
   4          typedef unsigned char uint8;        // 8-bit unsigned integer
   5          typedef unsigned short int uint16;  // 16-bit unsigned integer
   6          
   7          /*------------------------------------------------
   8          Interrupt service routine for timer 2 interrupt.
   9          Called by the hardware when the interrupt occurs.
  10          ------------------------------------------------*/
  11          void timer2 (void) interrupt 5   // interrupt vector at 002BH
  12          {
  13   1        static period
  14   1        if(TF2==1)
*** ERROR C141 IN LINE 14 OF Source\main.c: syntax error near 'if'
  15   1        {
  16   1            nb_t2_of++;
  17   1        }
  18   1        else //EXF2 ==1
  19   1        {
  20   1            
  21   1        }
  22   1        
  23   1        TF2 = 0;                      // clear interrupt flag
  24   1        EXF2 = 0;
  25   1        
  26   1      } // end timer2 interrupt service routine
  27          
  28          void setup_timer2 (void) {
  29   1          // Set up timer 2 in timer mode (bit1), capture mode(bit0), external control activated(bit3), timer run(
             -bit2), serial not needed(bit4-5),then interrupt modified by hardware
  30   1          T2CON = 0b00001101;  // all zero except run control
*** ERROR C251 IN LINE 30 OF Source\main.c: illegal octal digit
  31   1          ET2   = 1;     // enable timer 2 interrupt
  32   1          EA = 1;       // enable general interrupt
  33   1        
  34   1          uint8 nb_t2_of =0;
*** ERROR C141 IN LINE 34 OF Source\main.c: syntax error near 'uint8'
*** ERROR C202 IN LINE 34 OF Source\main.c: 'nb_t2_of': undefined identifier
  35   1        
  36   1        
  37   1      }
  38          
  39          void main (void) {
  40   1        
  41   1          period=0;
*** ERROR C202 IN LINE 41 OF Source\main.c: 'period': undefined identifier
  42   1        
  43   1        setup_timer2();
  44   1      }

C51 COMPILATION COMPLETE.  0 WARNING(S),  5 ERROR(S)
